[TensorBoard] Logging enabled: parallel_experiments/Reacher-v2_20250724_145146/seed_10/tensorboard_logs
[INFO] View training progress: tensorboard --logdir parallel_experiments/Reacher-v2_20250724_145146/seed_10/tensorboard_logs
[TensorBoard] Using TensorBoard for training logging
{   'action_dim': 2,
    'alpha': 0.7,
    'batch_size': 128,
    'beta_zero': 0.5,
    'buffer_size': 1000000,
    'crossover_prob': 0.0,
    'device': device(type='cuda'),
    'distil': False,
    'distil_type': 'fitness',
    'elite_fraction': 0.2,
    'env_name': 'Reacher-v2',
    'frac_frames_train': 1.0,
    'gamma': 0.99,
    'individual_bs': 8000,
    'learn_start': 15627.0,
    'log_freq': 10,
    'log_weights': False,
    'ls': 128,
    'mutation_batch_size': 256,
    'mutation_mag': 0.05,
    'mutation_noise': False,
    'mutation_prob': 0.9,
    'next_save': 200,
    'ns': False,
    'ns_epochs': 10,
    'num_evals': 3,
    'num_frames': 2000000,
    'opstat': False,
    'opstat_freq': 1,
    'per': False,
    'pop_size': 10,
    'proximal_mut': False,
    'render': False,
    'replace_old': True,
    'rl_to_ea_synch_period': 10,
    'save_foldername': 'parallel_experiments/Reacher-v2_20250724_145146/seed_10',
    'save_periodic': False,
    'seed': 10,
    'state_dim': 11,
    'tau': 0.001,
    'tensorboard_dir': None,
    'test_operators': False,
    'total_steps': 2000000,
    'use_done_mask': True,
    'use_ln': True,
    'use_tensorboard': True,
    'verbose_crossover': False,
    'verbose_mut': False}
Running Reacher-v2  State_dim: 11  Action_dim: 2
#Games: 31 #Frames: 1550  Train_Max: -5.29  Test_Score: -8.53  Avg: 0.00  ENV:  Reacher-v2  DDPG Reward: -10.48  PG Loss: 0.5320

#Games: 62 #Frames: 3100  Train_Max: -9.08  Test_Score: -13.22  Avg: 0.00  ENV:  Reacher-v2  DDPG Reward: -8.57  PG Loss: 0.7854

#Games: 93 #Frames: 4650  Train_Max: -11.48  Test_Score: -16.58  Avg: 0.00  ENV:  Reacher-v2  DDPG Reward: -7.35  PG Loss: 1.0867

#Games: 124 #Frames: 6200  Train_Max: -5.72  Test_Score: -13.27  Avg: 0.00  ENV:  Reacher-v2  DDPG Reward: -8.27  PG Loss: 1.3419

#Games: 155 #Frames: 7750  Train_Max: -7.44  Test_Score: -11.57  Avg: 0.00  ENV:  Reacher-v2  DDPG Reward: -12.02  PG Loss: 1.5821

#Games: 186 #Frames: 9300  Train_Max: -8.94  Test_Score: -11.27  Avg: 0.00  ENV:  Reacher-v2  DDPG Reward: -9.08  PG Loss: 1.7478

#Games: 217 #Frames: 10850  Train_Max: -8.84  Test_Score: -11.65  Avg: 0.00  ENV:  Reacher-v2  DDPG Reward: -10.41  PG Loss: 1.8532

Progress Saved
#Games: 248 #Frames: 12400  Train_Max: -9.13  Test_Score: -11.36  Avg: 0.00  ENV:  Reacher-v2  DDPG Reward: -6.37  PG Loss: 1.9286

#Games: 279 #Frames: 13950  Train_Max: -8.46  Test_Score: -11.52  Avg: 0.00  ENV:  Reacher-v2  DDPG Reward: -9.00  PG Loss: 2.0051

Sync from RL --> Nevo
#Games: 310 #Frames: 15500  Train_Max: -8.40  Test_Score: -12.08  Avg: 0.00  ENV:  Reacher-v2  DDPG Reward: -9.07  PG Loss: 2.0840

#Games: 341 #Frames: 17050  Train_Max: -6.39  Test_Score: -13.37  Avg: 0.00  ENV:  Reacher-v2  DDPG Reward: -8.22  PG Loss: 2.1303

#Games: 372 #Frames: 18600  Train_Max: -8.92  Test_Score: -8.67  Avg: 0.00  ENV:  Reacher-v2  DDPG Reward: -9.63  PG Loss: 2.1986

#Games: 403 #Frames: 20150  Train_Max: -8.70  Test_Score: -10.49  Avg: 0.00  ENV:  Reacher-v2  DDPG Reward: -6.96  PG Loss: 2.2359

Progress Saved
#Games: 434 #Frames: 21700  Train_Max: -9.21  Test_Score: -9.84  Avg: 0.00  ENV:  Reacher-v2  DDPG Reward: -8.41  PG Loss: 2.2686

#Games: 465 #Frames: 23250  Train_Max: -6.93  Test_Score: -9.27  Avg: 0.00  ENV:  Reacher-v2  DDPG Reward: -8.68  PG Loss: 2.2998

#Games: 496 #Frames: 24800  Train_Max: -6.54  Test_Score: -8.81  Avg: 0.00  ENV:  Reacher-v2  DDPG Reward: -10.31  PG Loss: 2.3202

#Games: 527 #Frames: 26350  Train_Max: -5.75  Test_Score: -9.20  Avg: 0.00  ENV:  Reacher-v2  DDPG Reward: -8.34  PG Loss: 2.3554

#Games: 558 #Frames: 27900  Train_Max: -6.83  Test_Score: -6.76  Avg: 0.00  ENV:  Reacher-v2  DDPG Reward: -9.33  PG Loss: 2.3831

#Games: 589 #Frames: 29450  Train_Max: -7.43  Test_Score: -10.12  Avg: 0.00  ENV:  Reacher-v2  DDPG Reward: -8.07  PG Loss: 2.4098

Sync from RL --> Nevo
#Games: 620 #Frames: 31000  Train_Max: -4.91  Test_Score: -9.62  Avg: 0.00  ENV:  Reacher-v2  DDPG Reward: -10.39  PG Loss: 2.4548

Progress Saved
#Games: 651 #Frames: 32550  Train_Max: -6.35  Test_Score: -6.93  Avg: 0.00  ENV:  Reacher-v2  DDPG Reward: -10.38  PG Loss: 2.4889

#Games: 682 #Frames: 34100  Train_Max: -4.50  Test_Score: -9.89  Avg: 0.00  ENV:  Reacher-v2  DDPG Reward: -9.69  PG Loss: 2.5009

#Games: 713 #Frames: 35650  Train_Max: -6.98  Test_Score: -11.72  Avg: 0.00  ENV:  Reacher-v2  DDPG Reward: -10.12  PG Loss: 2.5305

#Games: 744 #Frames: 37200  Train_Max: -7.82  Test_Score: -5.53  Avg: 0.00  ENV:  Reacher-v2  DDPG Reward: -8.47  PG Loss: 2.5453

#Games: 775 #Frames: 38750  Train_Max: -4.80  Test_Score: -6.09  Avg: 0.00  ENV:  Reacher-v2  DDPG Reward: -6.70  PG Loss: 2.5646

#Games: 806 #Frames: 40300  Train_Max: -7.50  Test_Score: -13.99  Avg: 0.00  ENV:  Reacher-v2  DDPG Reward: -8.37  PG Loss: 2.5771

Progress Saved
#Games: 837 #Frames: 41850  Train_Max: -8.52  Test_Score: -10.67  Avg: 0.00  ENV:  Reacher-v2  DDPG Reward: -10.34  PG Loss: 2.6062

#Games: 868 #Frames: 43400  Train_Max: -8.13  Test_Score: -9.27  Avg: 0.00  ENV:  Reacher-v2  DDPG Reward: -7.58  PG Loss: 2.6258

#Games: 899 #Frames: 44950  Train_Max: -9.61  Test_Score: -10.91  Avg: 0.00  ENV:  Reacher-v2  DDPG Reward: -6.53  PG Loss: 2.6526

Sync from RL --> Nevo
#Games: 930 #Frames: 46500  Train_Max: -9.06  Test_Score: -14.38  Avg: 0.00  ENV:  Reacher-v2  DDPG Reward: -5.71  PG Loss: 2.6526

#Games: 961 #Frames: 48050  Train_Max: -6.38  Test_Score: -9.79  Avg: 0.00  ENV:  Reacher-v2  DDPG Reward: -7.34  PG Loss: 2.6341

#Games: 992 #Frames: 49600  Train_Max: -7.72  Test_Score: -7.98  Avg: 0.00  ENV:  Reacher-v2  DDPG Reward: -7.87  PG Loss: 2.6111

#Games: 1023 #Frames: 51150  Train_Max: -5.60  Test_Score: -4.53  Avg: 0.00  ENV:  Reacher-v2  DDPG Reward: -8.31  PG Loss: 2.5819

Progress Saved
#Games: 1054 #Frames: 52700  Train_Max: -6.97  Test_Score: -7.04  Avg: 0.00  ENV:  Reacher-v2  DDPG Reward: -5.69  PG Loss: 2.5391

#Games: 1085 #Frames: 54250  Train_Max: -6.76  Test_Score: -6.78  Avg: 0.00  ENV:  Reacher-v2  DDPG Reward: -6.95  PG Loss: 2.5101

#Games: 1116 #Frames: 55800  Train_Max: -3.38  Test_Score: -7.59  Avg: 0.00  ENV:  Reacher-v2  DDPG Reward: -5.60  PG Loss: 2.4795

#Games: 1147 #Frames: 57350  Train_Max: -6.45  Test_Score: -7.01  Avg: 0.00  ENV:  Reacher-v2  DDPG Reward: -7.36  PG Loss: 2.4563

#Games: 1178 #Frames: 58900  Train_Max: -5.37  Test_Score: -7.29  Avg: 0.00  ENV:  Reacher-v2  DDPG Reward: -6.89  PG Loss: 2.4245

#Games: 1209 #Frames: 60450  Train_Max: -3.88  Test_Score: -5.70  Avg: 0.00  ENV:  Reacher-v2  DDPG Reward: -6.37  PG Loss: 2.4032

Progress Saved
Sync from RL --> Nevo
#Games: 1240 #Frames: 62000  Train_Max: -5.75  Test_Score: -9.47  Avg: 0.00  ENV:  Reacher-v2  DDPG Reward: -8.21  PG Loss: 2.3771

#Games: 1271 #Frames: 63550  Train_Max: -7.18  Test_Score: -7.02  Avg: 0.00  ENV:  Reacher-v2  DDPG Reward: -5.64  PG Loss: 2.3577

#Games: 1302 #Frames: 65100  Train_Max: -4.43  Test_Score: -7.21  Avg: 0.00  ENV:  Reacher-v2  DDPG Reward: -8.21  PG Loss: 2.3364

#Games: 1333 #Frames: 66650  Train_Max: -3.44  Test_Score: -5.38  Avg: 0.00  ENV:  Reacher-v2  DDPG Reward: -7.35  PG Loss: 2.3232

#Games: 1364 #Frames: 68200  Train_Max: -7.69  Test_Score: -12.25  Avg: 0.00  ENV:  Reacher-v2  DDPG Reward: -6.65  PG Loss: 2.3177

#Games: 1395 #Frames: 69750  Train_Max: -4.26  Test_Score: -7.39  Avg: 0.00  ENV:  Reacher-v2  DDPG Reward: -4.40  PG Loss: 2.3086

#Games: 1426 #Frames: 71300  Train_Max: -6.64  Test_Score: -7.90  Avg: 0.00  ENV:  Reacher-v2  DDPG Reward: -5.88  PG Loss: 2.3011

Progress Saved
#Games: 1457 #Frames: 72850  Train_Max: -7.77  Test_Score: -8.76  Avg: 0.00  ENV:  Reacher-v2  DDPG Reward: -7.96  PG Loss: 2.2857

#Games: 1488 #Frames: 74400  Train_Max: -6.94  Test_Score: -7.74  Avg: 0.00  ENV:  Reacher-v2  DDPG Reward: -6.06  PG Loss: 2.2795

#Games: 1519 #Frames: 75950  Train_Max: -7.70  Test_Score: -11.12  Avg: 0.00  ENV:  Reacher-v2  DDPG Reward: -7.06  PG Loss: 2.2753

Sync from RL --> Nevo
#Games: 1550 #Frames: 77500  Train_Max: -5.47  Test_Score: -7.64  Avg: 0.00  ENV:  Reacher-v2  DDPG Reward: -8.97  PG Loss: 2.2657

#Games: 1581 #Frames: 79050  Train_Max: -3.74  Test_Score: -7.53  Avg: 0.00  ENV:  Reacher-v2  DDPG Reward: -9.14  PG Loss: 2.2707

#Games: 1612 #Frames: 80600  Train_Max: -8.63  Test_Score: -7.00  Avg: 0.00  ENV:  Reacher-v2  DDPG Reward: -7.99  PG Loss: 2.2670

Progress Saved
#Games: 1643 #Frames: 82150  Train_Max: -6.96  Test_Score: -8.80  Avg: 0.00  ENV:  Reacher-v2  DDPG Reward: -5.09  PG Loss: 2.2803

#Games: 1674 #Frames: 83700  Train_Max: -4.40  Test_Score: -5.15  Avg: 0.00  ENV:  Reacher-v2  DDPG Reward: -6.81  PG Loss: 2.2855

#Games: 1705 #Frames: 85250  Train_Max: -3.03  Test_Score: -7.31  Avg: 0.00  ENV:  Reacher-v2  DDPG Reward: -7.54  PG Loss: 2.2870

#Games: 1736 #Frames: 86800  Train_Max: -7.08  Test_Score: -6.64  Avg: 0.00  ENV:  Reacher-v2  DDPG Reward: -6.80  PG Loss: 2.2973

#Games: 1767 #Frames: 88350  Train_Max: -6.64  Test_Score: -5.07  Avg: 0.00  ENV:  Reacher-v2  DDPG Reward: -5.28  PG Loss: 2.2994

#Games: 1798 #Frames: 89900  Train_Max: -8.36  Test_Score: -5.81  Avg: 0.00  ENV:  Reacher-v2  DDPG Reward: -7.42  PG Loss: 2.3091

#Games: 1829 #Frames: 91450  Train_Max: -7.74  Test_Score: -7.94  Avg: 0.00  ENV:  Reacher-v2  DDPG Reward: -6.21  PG Loss: 2.3154

Progress Saved
Sync from RL --> Nevo
#Games: 1860 #Frames: 93000  Train_Max: -6.08  Test_Score: -8.76  Avg: 0.00  ENV:  Reacher-v2  DDPG Reward: -6.76  PG Loss: 2.3296

#Games: 1891 #Frames: 94550  Train_Max: -6.49  Test_Score: -7.64  Avg: 0.00  ENV:  Reacher-v2  DDPG Reward: -6.01  PG Loss: 2.3381

#Games: 1922 #Frames: 96100  Train_Max: -6.63  Test_Score: -6.43  Avg: 0.00  ENV:  Reacher-v2  DDPG Reward: -5.13  PG Loss: 2.3474

#Games: 1953 #Frames: 97650  Train_Max: -4.47  Test_Score: -7.08  Avg: 0.00  ENV:  Reacher-v2  DDPG Reward: -7.14  PG Loss: 2.3659

#Games: 1984 #Frames: 99200  Train_Max: -6.24  Test_Score: -6.59  Avg: 0.00  ENV:  Reacher-v2  DDPG Reward: -7.85  PG Loss: 2.3568

#Games: 2015 #Frames: 100750  Train_Max: -4.70  Test_Score: -6.60  Avg: 0.00  ENV:  Reacher-v2  DDPG Reward: -5.79  PG Loss: 2.3542

Progress Saved
#Games: 2046 #Frames: 102300  Train_Max: -5.86  Test_Score: -5.36  Avg: 0.00  ENV:  Reacher-v2  DDPG Reward: -5.33  PG Loss: 2.3473

#Games: 2077 #Frames: 103850  Train_Max: -5.90  Test_Score: -6.02  Avg: 0.00  ENV:  Reacher-v2  DDPG Reward: -6.14  PG Loss: 2.3376

#Games: 2108 #Frames: 105400  Train_Max: -6.28  Test_Score: -5.00  Avg: 0.00  ENV:  Reacher-v2  DDPG Reward: -7.11  PG Loss: 2.3329

#Games: 2139 #Frames: 106950  Train_Max: -5.69  Test_Score: -6.35  Avg: 0.00  ENV:  Reacher-v2  DDPG Reward: -5.03  PG Loss: 2.3283

Sync from RL --> Nevo
#Games: 2170 #Frames: 108500  Train_Max: -5.38  Test_Score: -5.01  Avg: 0.00  ENV:  Reacher-v2  DDPG Reward: -5.80  PG Loss: 2.3208

#Games: 2201 #Frames: 110050  Train_Max: -5.94  Test_Score: -6.11  Avg: 0.00  ENV:  Reacher-v2  DDPG Reward: -5.95  PG Loss: 2.3109

Progress Saved
#Games: 2232 #Frames: 111600  Train_Max: -3.93  Test_Score: -8.05  Avg: 0.00  ENV:  Reacher-v2  DDPG Reward: -4.97  PG Loss: 2.2930

#Games: 2263 #Frames: 113150  Train_Max: -6.28  Test_Score: -7.15  Avg: 0.00  ENV:  Reacher-v2  DDPG Reward: -4.86  PG Loss: 2.2921

#Games: 2294 #Frames: 114700  Train_Max: -4.74  Test_Score: -6.68  Avg: 0.00  ENV:  Reacher-v2  DDPG Reward: -4.39  PG Loss: 2.2854

#Games: 2325 #Frames: 116250  Train_Max: -6.30  Test_Score: -5.08  Avg: 0.00  ENV:  Reacher-v2  DDPG Reward: -8.33  PG Loss: 2.2783

#Games: 2356 #Frames: 117800  Train_Max: -4.75  Test_Score: -7.94  Avg: 0.00  ENV:  Reacher-v2  DDPG Reward: -7.43  PG Loss: 2.2612

#Games: 2387 #Frames: 119350  Train_Max: -4.11  Test_Score: -6.17  Avg: 0.00  ENV:  Reacher-v2  DDPG Reward: -6.35  PG Loss: 2.2608

#Games: 2418 #Frames: 120900  Train_Max: -5.83  Test_Score: -6.48  Avg: 0.00  ENV:  Reacher-v2  DDPG Reward: -5.69  PG Loss: 2.2442

Progress Saved
#Games: 2449 #Frames: 122450  Train_Max: -4.14  Test_Score: -7.16  Avg: 0.00  ENV:  Reacher-v2  DDPG Reward: -4.73  PG Loss: 2.2259

Sync from RL --> Nevo
#Games: 2480 #Frames: 124000  Train_Max: -5.29  Test_Score: -7.67  Avg: 0.00  ENV:  Reacher-v2  DDPG Reward: -5.69  PG Loss: 2.2067

#Games: 2511 #Frames: 125550  Train_Max: -8.14  Test_Score: -7.84  Avg: 0.00  ENV:  Reacher-v2  DDPG Reward: -7.08  PG Loss: 2.1824

#Games: 2542 #Frames: 127100  Train_Max: -4.94  Test_Score: -7.60  Avg: 0.00  ENV:  Reacher-v2  DDPG Reward: -6.54  PG Loss: 2.1772

#Games: 2573 #Frames: 128650  Train_Max: -5.33  Test_Score: -5.67  Avg: 0.00  ENV:  Reacher-v2  DDPG Reward: -6.15  PG Loss: 2.1503

#Games: 2604 #Frames: 130200  Train_Max: -5.30  Test_Score: -5.73  Avg: 0.00  ENV:  Reacher-v2  DDPG Reward: -6.46  PG Loss: 2.1427

Progress Saved
#Games: 2635 #Frames: 131750  Train_Max: -5.01  Test_Score: -6.20  Avg: 0.00  ENV:  Reacher-v2  DDPG Reward: -8.34  PG Loss: 2.1150

#Games: 2666 #Frames: 133300  Train_Max: -3.63  Test_Score: -7.51  Avg: 0.00  ENV:  Reacher-v2  DDPG Reward: -6.99  PG Loss: 2.1019

#Games: 2697 #Frames: 134850  Train_Max: -3.36  Test_Score: -6.08  Avg: 0.00  ENV:  Reacher-v2  DDPG Reward: -5.34  PG Loss: 2.0778

#Games: 2728 #Frames: 136400  Train_Max: -5.69  Test_Score: -4.66  Avg: 0.00  ENV:  Reacher-v2  DDPG Reward: -7.02  PG Loss: 2.0604

#Games: 2759 #Frames: 137950  Train_Max: -4.51  Test_Score: -7.03  Avg: 0.00  ENV:  Reacher-v2  DDPG Reward: -5.76  PG Loss: 2.0492

Sync from RL --> Nevo
#Games: 2790 #Frames: 139500  Train_Max: -5.39  Test_Score: -7.44  Avg: 0.00  ENV:  Reacher-v2  DDPG Reward: -7.02  PG Loss: 2.0383

#Games: 2821 #Frames: 141050  Train_Max: -6.70  Test_Score: -6.97  Avg: 0.00  ENV:  Reacher-v2  DDPG Reward: -5.86  PG Loss: 2.0223

Progress Saved
#Games: 2852 #Frames: 142600  Train_Max: -6.46  Test_Score: -6.47  Avg: 0.00  ENV:  Reacher-v2  DDPG Reward: -4.44  PG Loss: 2.0057

#Games: 2883 #Frames: 144150  Train_Max: -4.18  Test_Score: -6.32  Avg: 0.00  ENV:  Reacher-v2  DDPG Reward: -5.94  PG Loss: 1.9872

#Games: 2914 #Frames: 145700  Train_Max: -5.81  Test_Score: -5.71  Avg: 0.00  ENV:  Reacher-v2  DDPG Reward: -7.07  PG Loss: 1.9785

#Games: 2945 #Frames: 147250  Train_Max: -4.13  Test_Score: -6.04  Avg: 0.00  ENV:  Reacher-v2  DDPG Reward: -7.59  PG Loss: 1.9752

#Games: 2976 #Frames: 148800  Train_Max: -5.65  Test_Score: -7.63  Avg: 0.00  ENV:  Reacher-v2  DDPG Reward: -6.89  PG Loss: 1.9678

#Games: 3007 #Frames: 150350  Train_Max: -4.20  Test_Score: -7.37  Avg: 0.00  ENV:  Reacher-v2  DDPG Reward: -5.68  PG Loss: 1.9604

Progress Saved
#Games: 3038 #Frames: 151900  Train_Max: -6.59  Test_Score: -5.05  Avg: 0.00  ENV:  Reacher-v2  DDPG Reward: -6.73  PG Loss: 1.9565

#Games: 3069 #Frames: 153450  Train_Max: -7.33  Test_Score: -8.89  Avg: 0.00  ENV:  Reacher-v2  DDPG Reward: -7.10  PG Loss: 1.9591

Sync from RL --> Nevo
#Games: 3100 #Frames: 155000  Train_Max: -4.68  Test_Score: -5.29  Avg: 0.00  ENV:  Reacher-v2  DDPG Reward: -6.21  PG Loss: 1.9628

#Games: 3131 #Frames: 156550  Train_Max: -4.44  Test_Score: -7.38  Avg: 0.00  ENV:  Reacher-v2  DDPG Reward: -6.30  PG Loss: 1.9583

#Games: 3162 #Frames: 158100  Train_Max: -4.98  Test_Score: -7.66  Avg: 0.00  ENV:  Reacher-v2  DDPG Reward: -5.32  PG Loss: 1.9623

#Games: 3193 #Frames: 159650  Train_Max: -5.76  Test_Score: -6.31  Avg: 0.00  ENV:  Reacher-v2  DDPG Reward: -6.68  PG Loss: 1.9616

#Games: 3224 #Frames: 161200  Train_Max: -3.97  Test_Score: -7.37  Avg: 0.00  ENV:  Reacher-v2  DDPG Reward: -8.41  PG Loss: 1.9632

Progress Saved
#Games: 3255 #Frames: 162750  Train_Max: -5.75  Test_Score: -6.34  Avg: 0.00  ENV:  Reacher-v2  DDPG Reward: -5.70  PG Loss: 1.9641

#Games: 3286 #Frames: 164300  Train_Max: -6.05  Test_Score: -5.86  Avg: 0.00  ENV:  Reacher-v2  DDPG Reward: -5.12  PG Loss: 1.9705

#Games: 3317 #Frames: 165850  Train_Max: -4.03  Test_Score: -6.65  Avg: 0.00  ENV:  Reacher-v2  DDPG Reward: -6.79  PG Loss: 1.9676

#Games: 3348 #Frames: 167400  Train_Max: -4.01  Test_Score: -5.83  Avg: 0.00  ENV:  Reacher-v2  DDPG Reward: -6.38  PG Loss: 1.9725

#Games: 3379 #Frames: 168950  Train_Max: -5.97  Test_Score: -5.19  Avg: 0.00  ENV:  Reacher-v2  DDPG Reward: -5.72  PG Loss: 1.9728

Sync from RL --> Nevo
#Games: 3410 #Frames: 170500  Train_Max: -5.28  Test_Score: -6.91  Avg: 0.00  ENV:  Reacher-v2  DDPG Reward: -5.66  PG Loss: 1.9783

Progress Saved
#Games: 3441 #Frames: 172050  Train_Max: -4.60  Test_Score: -5.76  Avg: 0.00  ENV:  Reacher-v2  DDPG Reward: -5.16  PG Loss: 1.9784

#Games: 3472 #Frames: 173600  Train_Max: -5.73  Test_Score: -3.74  Avg: 0.00  ENV:  Reacher-v2  DDPG Reward: -5.86  PG Loss: 1.9819

#Games: 3503 #Frames: 175150  Train_Max: -7.07  Test_Score: -5.36  Avg: 0.00  ENV:  Reacher-v2  DDPG Reward: -6.76  PG Loss: 1.9822

#Games: 3534 #Frames: 176700  Train_Max: -4.02  Test_Score: -6.08  Avg: 0.00  ENV:  Reacher-v2  DDPG Reward: -6.01  PG Loss: 1.9914

#Games: 3565 #Frames: 178250  Train_Max: -4.42  Test_Score: -4.49  Avg: 0.00  ENV:  Reacher-v2  DDPG Reward: -6.94  PG Loss: 1.9844

#Games: 3596 #Frames: 179800  Train_Max: -4.37  Test_Score: -5.07  Avg: 0.00  ENV:  Reacher-v2  DDPG Reward: -5.54  PG Loss: 1.9890

#Games: 3627 #Frames: 181350  Train_Max: -4.80  Test_Score: -6.45  Avg: 0.00  ENV:  Reacher-v2  DDPG Reward: -6.56  PG Loss: 1.9924

Progress Saved
#Games: 3658 #Frames: 182900  Train_Max: -5.99  Test_Score: -9.02  Avg: 0.00  ENV:  Reacher-v2  DDPG Reward: -5.90  PG Loss: 1.9988

#Games: 3689 #Frames: 184450  Train_Max: -4.63  Test_Score: -9.97  Avg: 0.00  ENV:  Reacher-v2  DDPG Reward: -4.51  PG Loss: 1.9960

Sync from RL --> Nevo
#Games: 3720 #Frames: 186000  Train_Max: -6.30  Test_Score: -10.72  Avg: 0.00  ENV:  Reacher-v2  DDPG Reward: -6.32  PG Loss: 2.0015

#Games: 3751 #Frames: 187550  Train_Max: -5.52  Test_Score: -6.24  Avg: 0.00  ENV:  Reacher-v2  DDPG Reward: -5.76  PG Loss: 2.0083

#Games: 3782 #Frames: 189100  Train_Max: -4.95  Test_Score: -8.35  Avg: 0.00  ENV:  Reacher-v2  DDPG Reward: -4.63  PG Loss: 2.0088

#Games: 3813 #Frames: 190650  Train_Max: -6.99  Test_Score: -6.85  Avg: 0.00  ENV:  Reacher-v2  DDPG Reward: -4.60  PG Loss: 2.0228

Progress Saved
#Games: 3844 #Frames: 192200  Train_Max: -5.01  Test_Score: -5.48  Avg: 0.00  ENV:  Reacher-v2  DDPG Reward: -4.30  PG Loss: 2.0254

#Games: 3875 #Frames: 193750  Train_Max: -5.54  Test_Score: -6.69  Avg: 0.00  ENV:  Reacher-v2  DDPG Reward: -7.49  PG Loss: 2.0225

#Games: 3906 #Frames: 195300  Train_Max: -4.96  Test_Score: -5.70  Avg: 0.00  ENV:  Reacher-v2  DDPG Reward: -5.61  PG Loss: 2.0308

#Games: 3937 #Frames: 196850  Train_Max: -6.89  Test_Score: -5.51  Avg: 0.00  ENV:  Reacher-v2  DDPG Reward: -7.05  PG Loss: 2.0335

#Games: 3968 #Frames: 198400  Train_Max: -4.17  Test_Score: -7.22  Avg: 0.00  ENV:  Reacher-v2  DDPG Reward: -6.55  PG Loss: 2.0281

#Games: 3999 #Frames: 199950  Train_Max: -4.61  Test_Score: -6.40  Avg: 0.00  ENV:  Reacher-v2  DDPG Reward: -6.67  PG Loss: 2.0257

Sync from RL --> Nevo
#Games: 4030 #Frames: 201500  Train_Max: -4.27  Test_Score: -6.37  Avg: 0.00  ENV:  Reacher-v2  DDPG Reward: -4.99  PG Loss: 2.0364

Progress Saved
#Games: 4061 #Frames: 203050  Train_Max: -5.34  Test_Score: -4.63  Avg: 0.00  ENV:  Reacher-v2  DDPG Reward: -6.33  PG Loss: 2.0326

#Games: 4092 #Frames: 204600  Train_Max: -4.11  Test_Score: -6.47  Avg: 0.00  ENV:  Reacher-v2  DDPG Reward: -4.45  PG Loss: 2.0341

#Games: 4123 #Frames: 206150  Train_Max: -5.05  Test_Score: -7.71  Avg: 0.00  ENV:  Reacher-v2  DDPG Reward: -3.66  PG Loss: 2.0389

#Games: 4154 #Frames: 207700  Train_Max: -6.09  Test_Score: -6.19  Avg: 0.00  ENV:  Reacher-v2  DDPG Reward: -7.21  PG Loss: 2.0464

#Games: 4185 #Frames: 209250  Train_Max: -4.59  Test_Score: -8.80  Avg: 0.00  ENV:  Reacher-v2  DDPG Reward: -5.67  PG Loss: 2.0484

#Games: 4216 #Frames: 210800  Train_Max: -4.57  Test_Score: -7.63  Avg: 0.00  ENV:  Reacher-v2  DDPG Reward: -6.25  PG Loss: 2.0527

Progress Saved
#Games: 4247 #Frames: 212350  Train_Max: -4.85  Test_Score: -7.90  Avg: 0.00  ENV:  Reacher-v2  DDPG Reward: -6.20  PG Loss: 2.0642

#Games: 4278 #Frames: 213900  Train_Max: -4.17  Test_Score: -6.48  Avg: 0.00  ENV:  Reacher-v2  DDPG Reward: -5.16  PG Loss: 2.0718

#Games: 4309 #Frames: 215450  Train_Max: -4.06  Test_Score: -6.49  Avg: 0.00  ENV:  Reacher-v2  DDPG Reward: -6.38  PG Loss: 2.0774

Sync from RL --> Nevo
#Games: 4340 #Frames: 217000  Train_Max: -5.03  Test_Score: -5.72  Avg: 0.00  ENV:  Reacher-v2  DDPG Reward: -5.39  PG Loss: 2.0793

#Games: 4371 #Frames: 218550  Train_Max: -4.26  Test_Score: -6.27  Avg: 0.00  ENV:  Reacher-v2  DDPG Reward: -6.46  PG Loss: 2.0791

#Games: 4402 #Frames: 220100  Train_Max: -4.96  Test_Score: -5.93  Avg: 0.00  ENV:  Reacher-v2  DDPG Reward: -6.15  PG Loss: 2.0744

Progress Saved
#Games: 4433 #Frames: 221650  Train_Max: -5.50  Test_Score: -8.60  Avg: 0.00  ENV:  Reacher-v2  DDPG Reward: -6.63  PG Loss: 2.0750

#Games: 4464 #Frames: 223200  Train_Max: -6.15  Test_Score: -9.66  Avg: 0.00  ENV:  Reacher-v2  DDPG Reward: -7.19  PG Loss: 2.0729

#Games: 4495 #Frames: 224750  Train_Max: -5.03  Test_Score: -7.40  Avg: 0.00  ENV:  Reacher-v2  DDPG Reward: -5.28  PG Loss: 2.0769

#Games: 4526 #Frames: 226300  Train_Max: -8.06  Test_Score: -8.74  Avg: 0.00  ENV:  Reacher-v2  DDPG Reward: -4.56  PG Loss: 2.0790

#Games: 4557 #Frames: 227850  Train_Max: -5.96  Test_Score: -8.17  Avg: 0.00  ENV:  Reacher-v2  DDPG Reward: -5.37  PG Loss: 2.0732

#Games: 4588 #Frames: 229400  Train_Max: -7.73  Test_Score: -5.00  Avg: 0.00  ENV:  Reacher-v2  DDPG Reward: -5.70  PG Loss: 2.0803

#Games: 4619 #Frames: 230950  Train_Max: -5.40  Test_Score: -7.27  Avg: 0.00  ENV:  Reacher-v2  DDPG Reward: -3.99  PG Loss: 2.0853

Progress Saved
Sync from RL --> Nevo
#Games: 4650 #Frames: 232500  Train_Max: -3.38  Test_Score: -6.01  Avg: 0.00  ENV:  Reacher-v2  DDPG Reward: -6.18  PG Loss: 2.0964

#Games: 4681 #Frames: 234050  Train_Max: -4.95  Test_Score: -4.66  Avg: 0.00  ENV:  Reacher-v2  DDPG Reward: -5.42  PG Loss: 2.0887

#Games: 4712 #Frames: 235600  Train_Max: -5.58  Test_Score: -5.98  Avg: 0.00  ENV:  Reacher-v2  DDPG Reward: -5.42  PG Loss: 2.0942

#Games: 4743 #Frames: 237150  Train_Max: -5.72  Test_Score: -4.82  Avg: 0.00  ENV:  Reacher-v2  DDPG Reward: -5.03  PG Loss: 2.0965

#Games: 4774 #Frames: 238700  Train_Max: -3.85  Test_Score: -6.54  Avg: 0.00  ENV:  Reacher-v2  DDPG Reward: -4.77  PG Loss: 2.1029

#Games: 4805 #Frames: 240250  Train_Max: -4.42  Test_Score: -6.82  Avg: 0.00  ENV:  Reacher-v2  DDPG Reward: -3.91  PG Loss: 2.1057

Progress Saved
#Games: 4836 #Frames: 241800  Train_Max: -5.83  Test_Score: -5.96  Avg: 0.00  ENV:  Reacher-v2  DDPG Reward: -5.51  PG Loss: 2.1031

#Games: 4867 #Frames: 243350  Train_Max: -4.36  Test_Score: -7.02  Avg: 0.00  ENV:  Reacher-v2  DDPG Reward: -6.69  PG Loss: 2.1087

#Games: 4898 #Frames: 244900  Train_Max: -3.87  Test_Score: -6.94  Avg: 0.00  ENV:  Reacher-v2  DDPG Reward: -7.06  PG Loss: 2.1124

#Games: 4929 #Frames: 246450  Train_Max: -6.38  Test_Score: -8.10  Avg: 0.00  ENV:  Reacher-v2  DDPG Reward: -5.38  PG Loss: 2.1177

Sync from RL --> Nevo
#Games: 4960 #Frames: 248000  Train_Max: -2.91  Test_Score: -6.18  Avg: 0.00  ENV:  Reacher-v2  DDPG Reward: -5.07  PG Loss: 2.1162

#Games: 4991 #Frames: 249550  Train_Max: -5.63  Test_Score: -5.65  Avg: 0.00  ENV:  Reacher-v2  DDPG Reward: -5.33  PG Loss: 2.1258

#Games: 5022 #Frames: 251100  Train_Max: -4.73  Test_Score: -5.11  Avg: 0.00  ENV:  Reacher-v2  DDPG Reward: -5.22  PG Loss: 2.1265

Progress Saved
#Games: 5053 #Frames: 252650  Train_Max: -5.10  Test_Score: -6.75  Avg: 0.00  ENV:  Reacher-v2  DDPG Reward: -4.46  PG Loss: 2.1297

#Games: 5084 #Frames: 254200  Train_Max: -4.42  Test_Score: -4.36  Avg: 0.00  ENV:  Reacher-v2  DDPG Reward: -4.55  PG Loss: 2.1287

#Games: 5115 #Frames: 255750  Train_Max: -4.70  Test_Score: -6.15  Avg: 0.00  ENV:  Reacher-v2  DDPG Reward: -5.53  PG Loss: 2.1326

#Games: 5146 #Frames: 257300  Train_Max: -2.93  Test_Score: -7.15  Avg: 0.00  ENV:  Reacher-v2  DDPG Reward: -5.60  PG Loss: 2.1363

#Games: 5177 #Frames: 258850  Train_Max: -5.76  Test_Score: -5.97  Avg: 0.00  ENV:  Reacher-v2  DDPG Reward: -5.90  PG Loss: 2.1314

#Games: 5208 #Frames: 260400  Train_Max: -4.14  Test_Score: -5.09  Avg: 0.00  ENV:  Reacher-v2  DDPG Reward: -5.87  PG Loss: 2.1311

Progress Saved
#Games: 5239 #Frames: 261950  Train_Max: -3.53  Test_Score: -6.42  Avg: 0.00  ENV:  Reacher-v2  DDPG Reward: -4.82  PG Loss: 2.1288

Sync from RL --> Nevo
#Games: 5270 #Frames: 263500  Train_Max: -4.83  Test_Score: -8.23  Avg: 0.00  ENV:  Reacher-v2  DDPG Reward: -5.32  PG Loss: 2.1241

#Games: 5301 #Frames: 265050  Train_Max: -5.46  Test_Score: -5.75  Avg: 0.00  ENV:  Reacher-v2  DDPG Reward: -4.72  PG Loss: 2.1186

#Games: 5332 #Frames: 266600  Train_Max: -5.58  Test_Score: -4.74  Avg: 0.00  ENV:  Reacher-v2  DDPG Reward: -5.02  PG Loss: 2.1238

#Games: 5363 #Frames: 268150  Train_Max: -3.80  Test_Score: -5.60  Avg: 0.00  ENV:  Reacher-v2  DDPG Reward: -5.11  PG Loss: 2.1194

#Games: 5394 #Frames: 269700  Train_Max: -4.79  Test_Score: -5.45  Avg: 0.00  ENV:  Reacher-v2  DDPG Reward: -6.42  PG Loss: 2.1128

#Games: 5425 #Frames: 271250  Train_Max: -3.84  Test_Score: -5.50  Avg: 0.00  ENV:  Reacher-v2  DDPG Reward: -4.79  PG Loss: 2.1152

Progress Saved
#Games: 5456 #Frames: 272800  Train_Max: -3.34  Test_Score: -5.17  Avg: 0.00  ENV:  Reacher-v2  DDPG Reward: -6.00  PG Loss: 2.1133

#Games: 5487 #Frames: 274350  Train_Max: -3.93  Test_Score: -4.69  Avg: 0.00  ENV:  Reacher-v2  DDPG Reward: -4.89  PG Loss: 2.1175

#Games: 5518 #Frames: 275900  Train_Max: -3.88  Test_Score: -5.48  Avg: 0.00  ENV:  Reacher-v2  DDPG Reward: -5.73  PG Loss: 2.1027

#Games: 5549 #Frames: 277450  Train_Max: -5.70  Test_Score: -6.31  Avg: 0.00  ENV:  Reacher-v2  DDPG Reward: -5.95  PG Loss: 2.1066

Sync from RL --> Nevo
#Games: 5580 #Frames: 279000  Train_Max: -5.02  Test_Score: -6.08  Avg: 0.00  ENV:  Reacher-v2  DDPG Reward: -6.40  PG Loss: 2.1034

#Games: 5611 #Frames: 280550  Train_Max: -4.18  Test_Score: -4.88  Avg: 0.00  ENV:  Reacher-v2  DDPG Reward: -4.71  PG Loss: 2.0951

Progress Saved
#Games: 5642 #Frames: 282100  Train_Max: -5.15  Test_Score: -6.48  Avg: 0.00  ENV:  Reacher-v2  DDPG Reward: -5.46  PG Loss: 2.0926

#Games: 5673 #Frames: 283650  Train_Max: -5.69  Test_Score: -6.35  Avg: 0.00  ENV:  Reacher-v2  DDPG Reward: -4.92  PG Loss: 2.0969

#Games: 5704 #Frames: 285200  Train_Max: -6.58  Test_Score: -5.29  Avg: 0.00  ENV:  Reacher-v2  DDPG Reward: -6.65  PG Loss: 2.1091

#Games: 5735 #Frames: 286750  Train_Max: -4.36  Test_Score: -5.63  Avg: 0.00  ENV:  Reacher-v2  DDPG Reward: -5.73  PG Loss: 2.1017

#Games: 5766 #Frames: 288300  Train_Max: -5.10  Test_Score: -4.63  Avg: 0.00  ENV:  Reacher-v2  DDPG Reward: -5.20  PG Loss: 2.0970

#Games: 5797 #Frames: 289850  Train_Max: -5.21  Test_Score: -5.19  Avg: 0.00  ENV:  Reacher-v2  DDPG Reward: -7.01  PG Loss: 2.0976

#Games: 5828 #Frames: 291400  Train_Max: -5.20  Test_Score: -7.40  Avg: 0.00  ENV:  Reacher-v2  DDPG Reward: -6.24  PG Loss: 2.0922

Progress Saved
#Games: 5859 #Frames: 292950  Train_Max: -5.77  Test_Score: -6.63  Avg: 0.00  ENV:  Reacher-v2  DDPG Reward: -5.73  PG Loss: 2.0828

Sync from RL --> Nevo
#Games: 5890 #Frames: 294500  Train_Max: -5.03  Test_Score: -6.57  Avg: 0.00  ENV:  Reacher-v2  DDPG Reward: -6.83  PG Loss: 2.0880

#Games: 5921 #Frames: 296050  Train_Max: -5.37  Test_Score: -7.48  Avg: 0.00  ENV:  Reacher-v2  DDPG Reward: -4.66  PG Loss: 2.0955

#Games: 5952 #Frames: 297600  Train_Max: -3.74  Test_Score: -9.45  Avg: 0.00  ENV:  Reacher-v2  DDPG Reward: -6.01  PG Loss: 2.0824

#Games: 5983 #Frames: 299150  Train_Max: -5.51  Test_Score: -6.79  Avg: 0.00  ENV:  Reacher-v2  DDPG Reward: -4.73  PG Loss: 2.0806

#Games: 6014 #Frames: 300700  Train_Max: -4.62  Test_Score: -4.54  Avg: 0.00  ENV:  Reacher-v2  DDPG Reward: -5.69  PG Loss: 2.0818

Progress Saved
#Games: 6045 #Frames: 302250  Train_Max: -5.61  Test_Score: -6.56  Avg: 0.00  ENV:  Reacher-v2  DDPG Reward: -5.69  PG Loss: 2.0783

#Games: 6076 #Frames: 303800  Train_Max: -4.01  Test_Score: -7.03  Avg: 0.00  ENV:  Reacher-v2  DDPG Reward: -5.84  PG Loss: 2.0775

#Games: 6107 #Frames: 305350  Train_Max: -5.29  Test_Score: -6.61  Avg: 0.00  ENV:  Reacher-v2  DDPG Reward: -5.84  PG Loss: 2.0708

#Games: 6138 #Frames: 306900  Train_Max: -1.50  Test_Score: -5.42  Avg: 0.00  ENV:  Reacher-v2  DDPG Reward: -6.34  PG Loss: 2.0693

#Games: 6169 #Frames: 308450  Train_Max: -4.84  Test_Score: -6.98  Avg: 0.00  ENV:  Reacher-v2  DDPG Reward: -4.88  PG Loss: 2.0669

Sync from RL --> Nevo
#Games: 6200 #Frames: 310000  Train_Max: -6.65  Test_Score: -4.19  Avg: 0.00  ENV:  Reacher-v2  DDPG Reward: -5.38  PG Loss: 2.0668

#Games: 6231 #Frames: 311550  Train_Max: -4.37  Test_Score: -5.24  Avg: 0.00  ENV:  Reacher-v2  DDPG Reward: -5.30  PG Loss: 2.0703

Progress Saved
#Games: 6262 #Frames: 313100  Train_Max: -3.75  Test_Score: -5.72  Avg: 0.00  ENV:  Reacher-v2  DDPG Reward: -5.67  PG Loss: 2.0685

#Games: 6293 #Frames: 314650  Train_Max: -5.24  Test_Score: -5.44  Avg: 0.00  ENV:  Reacher-v2  DDPG Reward: -6.46  PG Loss: 2.0678

#Games: 6324 #Frames: 316200  Train_Max: -7.00  Test_Score: -5.94  Avg: 0.00  ENV:  Reacher-v2  DDPG Reward: -5.84  PG Loss: 2.0695

#Games: 6355 #Frames: 317750  Train_Max: -5.79  Test_Score: -4.90  Avg: 0.00  ENV:  Reacher-v2  DDPG Reward: -5.83  PG Loss: 2.0678

#Games: 6386 #Frames: 319300  Train_Max: -3.47  Test_Score: -6.02  Avg: 0.00  ENV:  Reacher-v2  DDPG Reward: -6.27  PG Loss: 2.0721

#Games: 6417 #Frames: 320850  Train_Max: -3.47  Test_Score: -5.24  Avg: 0.00  ENV:  Reacher-v2  DDPG Reward: -6.05  PG Loss: 2.0651

Progress Saved
#Games: 6448 #Frames: 322400  Train_Max: -4.27  Test_Score: -6.79  Avg: 0.00  ENV:  Reacher-v2  DDPG Reward: -5.50  PG Loss: 2.0600

#Games: 6479 #Frames: 323950  Train_Max: -3.25  Test_Score: -5.67  Avg: 0.00  ENV:  Reacher-v2  DDPG Reward: -5.95  PG Loss: 2.0611

Sync from RL --> Nevo
#Games: 6510 #Frames: 325500  Train_Max: -4.33  Test_Score: -4.04  Avg: 0.00  ENV:  Reacher-v2  DDPG Reward: -6.49  PG Loss: 2.0581

#Games: 6541 #Frames: 327050  Train_Max: -4.32  Test_Score: -7.17  Avg: 0.00  ENV:  Reacher-v2  DDPG Reward: -5.18  PG Loss: 2.0489

#Games: 6572 #Frames: 328600  Train_Max: -5.21  Test_Score: -5.48  Avg: 0.00  ENV:  Reacher-v2  DDPG Reward: -4.96  PG Loss: 2.0498

#Games: 6603 #Frames: 330150  Train_Max: -4.93  Test_Score: -3.20  Avg: 0.00  ENV:  Reacher-v2  DDPG Reward: -4.49  PG Loss: 2.0419

Progress Saved
#Games: 6634 #Frames: 331700  Train_Max: -5.02  Test_Score: -4.06  Avg: 0.00  ENV:  Reacher-v2  DDPG Reward: -6.66  PG Loss: 2.0466

#Games: 6665 #Frames: 333250  Train_Max: -5.15  Test_Score: -5.25  Avg: 0.00  ENV:  Reacher-v2  DDPG Reward: -5.97  PG Loss: 2.0404

#Games: 6696 #Frames: 334800  Train_Max: -3.21  Test_Score: -5.89  Avg: 0.00  ENV:  Reacher-v2  DDPG Reward: -5.96  PG Loss: 2.0342

#Games: 6727 #Frames: 336350  Train_Max: -3.42  Test_Score: -5.12  Avg: 0.00  ENV:  Reacher-v2  DDPG Reward: -6.07  PG Loss: 2.0374

#Games: 6758 #Frames: 337900  Train_Max: -5.26  Test_Score: -6.96  Avg: 0.00  ENV:  Reacher-v2  DDPG Reward: -4.53  PG Loss: 2.0343

#Games: 6789 #Frames: 339450  Train_Max: -4.69  Test_Score: -4.14  Avg: 0.00  ENV:  Reacher-v2  DDPG Reward: -6.16  PG Loss: 2.0353

Sync from RL --> Nevo
#Games: 6820 #Frames: 341000  Train_Max: -4.81  Test_Score: -8.25  Avg: 0.00  ENV:  Reacher-v2  DDPG Reward: -6.67  PG Loss: 2.0406

Progress Saved
#Games: 6851 #Frames: 342550  Train_Max: -4.33  Test_Score: -5.50  Avg: 0.00  ENV:  Reacher-v2  DDPG Reward: -6.13  PG Loss: 2.0328

#Games: 6882 #Frames: 344100  Train_Max: -5.14  Test_Score: -13.91  Avg: 0.00  ENV:  Reacher-v2  DDPG Reward: -4.72  PG Loss: 2.0308

#Games: 6913 #Frames: 345650  Train_Max: -4.88  Test_Score: -5.60  Avg: 0.00  ENV:  Reacher-v2  DDPG Reward: -6.27  PG Loss: 2.0333

#Games: 6944 #Frames: 347200  Train_Max: -5.58  Test_Score: -6.99  Avg: 0.00  ENV:  Reacher-v2  DDPG Reward: -6.37  PG Loss: 2.0276

#Games: 6975 #Frames: 348750  Train_Max: -3.64  Test_Score: -5.35  Avg: 0.00  ENV:  Reacher-v2  DDPG Reward: -3.40  PG Loss: 2.0239

#Games: 7006 #Frames: 350300  Train_Max: -4.41  Test_Score: -5.08  Avg: 0.00  ENV:  Reacher-v2  DDPG Reward: -3.77  PG Loss: 2.0226

Progress Saved
#Games: 7037 #Frames: 351850  Train_Max: -6.49  Test_Score: -7.53  Avg: 0.00  ENV:  Reacher-v2  DDPG Reward: -5.74  PG Loss: 2.0164

#Games: 7068 #Frames: 353400  Train_Max: -8.74  Test_Score: -7.11  Avg: 0.00  ENV:  Reacher-v2  DDPG Reward: -4.32  PG Loss: 2.0217

#Games: 7099 #Frames: 354950  Train_Max: -5.98  Test_Score: -7.98  Avg: 0.00  ENV:  Reacher-v2  DDPG Reward: -6.37  PG Loss: 2.0171

Sync from RL --> Nevo
#Games: 7130 #Frames: 356500  Train_Max: -4.51  Test_Score: -12.90  Avg: 0.00  ENV:  Reacher-v2  DDPG Reward: -5.24  PG Loss: 2.0216

#Games: 7161 #Frames: 358050  Train_Max: -5.59  Test_Score: -5.71  Avg: 0.00  ENV:  Reacher-v2  DDPG Reward: -5.94  PG Loss: 2.0217

#Games: 7192 #Frames: 359600  Train_Max: -5.83  Test_Score: -5.47  Avg: 0.00  ENV:  Reacher-v2  DDPG Reward: -4.73  PG Loss: 2.0295

#Games: 7223 #Frames: 361150  Train_Max: -6.21  Test_Score: -5.84  Avg: 0.00  ENV:  Reacher-v2  DDPG Reward: -4.58  PG Loss: 2.0244

Progress Saved
#Games: 7254 #Frames: 362700  Train_Max: -5.30  Test_Score: -7.19  Avg: 0.00  ENV:  Reacher-v2  DDPG Reward: -6.56  PG Loss: 2.0158

#Games: 7285 #Frames: 364250  Train_Max: -5.65  Test_Score: -7.04  Avg: 0.00  ENV:  Reacher-v2  DDPG Reward: -6.16  PG Loss: 2.0273

#Games: 7316 #Frames: 365800  Train_Max: -5.28  Test_Score: -6.04  Avg: 0.00  ENV:  Reacher-v2  DDPG Reward: -5.28  PG Loss: 2.0277

#Games: 7347 #Frames: 367350  Train_Max: -4.81  Test_Score: -5.49  Avg: 0.00  ENV:  Reacher-v2  DDPG Reward: -5.62  PG Loss: 2.0306

#Games: 7378 #Frames: 368900  Train_Max: -5.72  Test_Score: -7.11  Avg: 0.00  ENV:  Reacher-v2  DDPG Reward: -5.25  PG Loss: 2.0322

#Games: 7409 #Frames: 370450  Train_Max: -7.10  Test_Score: -4.37  Avg: 0.00  ENV:  Reacher-v2  DDPG Reward: -6.13  PG Loss: 2.0370

Progress Saved
Sync from RL --> Nevo
#Games: 7440 #Frames: 372000  Train_Max: -4.68  Test_Score: -5.32  Avg: 0.00  ENV:  Reacher-v2  DDPG Reward: -5.55  PG Loss: 2.0415

#Games: 7471 #Frames: 373550  Train_Max: -3.83  Test_Score: -5.30  Avg: 0.00  ENV:  Reacher-v2  DDPG Reward: -5.95  PG Loss: 2.0473

#Games: 7502 #Frames: 375100  Train_Max: -5.48  Test_Score: -6.70  Avg: 0.00  ENV:  Reacher-v2  DDPG Reward: -5.52  PG Loss: 2.0495

#Games: 7533 #Frames: 376650  Train_Max: -4.19  Test_Score: -8.88  Avg: 0.00  ENV:  Reacher-v2  DDPG Reward: -4.79  PG Loss: 2.0524

#Games: 7564 #Frames: 378200  Train_Max: -5.97  Test_Score: -5.26  Avg: 0.00  ENV:  Reacher-v2  DDPG Reward: -4.45  PG Loss: 2.0418

#Games: 7595 #Frames: 379750  Train_Max: -6.12  Test_Score: -6.37  Avg: 0.00  ENV:  Reacher-v2  DDPG Reward: -6.46  PG Loss: 2.0514

#Games: 7626 #Frames: 381300  Train_Max: -3.04  Test_Score: -6.23  Avg: 0.00  ENV:  Reacher-v2  DDPG Reward: -5.69  PG Loss: 2.0539

Progress Saved
#Games: 7657 #Frames: 382850  Train_Max: -4.18  Test_Score: -5.65  Avg: 0.00  ENV:  Reacher-v2  DDPG Reward: -6.05  PG Loss: 2.0528

#Games: 7688 #Frames: 384400  Train_Max: -5.26  Test_Score: -5.81  Avg: 0.00  ENV:  Reacher-v2  DDPG Reward: -6.11  PG Loss: 2.0549

#Games: 7719 #Frames: 385950  Train_Max: -5.24  Test_Score: -6.77  Avg: 0.00  ENV:  Reacher-v2  DDPG Reward: -6.64  PG Loss: 2.0531

Sync from RL --> Nevo
#Games: 7750 #Frames: 387500  Train_Max: -4.53  Test_Score: -5.59  Avg: 0.00  ENV:  Reacher-v2  DDPG Reward: -6.54  PG Loss: 2.0530

#Games: 7781 #Frames: 389050  Train_Max: -3.95  Test_Score: -6.21  Avg: 0.00  ENV:  Reacher-v2  DDPG Reward: -5.83  PG Loss: 2.0572

#Games: 7812 #Frames: 390600  Train_Max: -5.58  Test_Score: -7.23  Avg: 0.00  ENV:  Reacher-v2  DDPG Reward: -4.82  PG Loss: 2.0485

Progress Saved
#Games: 7843 #Frames: 392150  Train_Max: -4.30  Test_Score: -5.79  Avg: 0.00  ENV:  Reacher-v2  DDPG Reward: -4.71  PG Loss: 2.0511

#Games: 7874 #Frames: 393700  Train_Max: -4.27  Test_Score: -5.41  Avg: 0.00  ENV:  Reacher-v2  DDPG Reward: -5.81  PG Loss: 2.0445

#Games: 7905 #Frames: 395250  Train_Max: -4.46  Test_Score: -6.73  Avg: 0.00  ENV:  Reacher-v2  DDPG Reward: -5.57  PG Loss: 2.0392

#Games: 7936 #Frames: 396800  Train_Max: -5.62  Test_Score: -6.27  Avg: 0.00  ENV:  Reacher-v2  DDPG Reward: -6.12  PG Loss: 2.0441

#Games: 7967 #Frames: 398350  Train_Max: -5.83  Test_Score: -4.12  Avg: 0.00  ENV:  Reacher-v2  DDPG Reward: -5.50  PG Loss: 2.0393

#Games: 7998 #Frames: 399900  Train_Max: -5.39  Test_Score: -5.92  Avg: 0.00  ENV:  Reacher-v2  DDPG Reward: -5.61  PG Loss: 2.0448

#Games: 8029 #Frames: 401450  Train_Max: -3.72  Test_Score: -5.10  Avg: 0.00  ENV:  Reacher-v2  DDPG Reward: -5.72  PG Loss: 2.0369

Progress Saved
Sync from RL --> Nevo
#Games: 8060 #Frames: 403000  Train_Max: -4.91  Test_Score: -4.66  Avg: 0.00  ENV:  Reacher-v2  DDPG Reward: -5.95  PG Loss: 2.0398

#Games: 8091 #Frames: 404550  Train_Max: -4.61  Test_Score: -6.49  Avg: 0.00  ENV:  Reacher-v2  DDPG Reward: -5.24  PG Loss: 2.0369

#Games: 8122 #Frames: 406100  Train_Max: -5.19  Test_Score: -4.74  Avg: 0.00  ENV:  Reacher-v2  DDPG Reward: -5.20  PG Loss: 2.0304

#Games: 8153 #Frames: 407650  Train_Max: -3.59  Test_Score: -6.25  Avg: 0.00  ENV:  Reacher-v2  DDPG Reward: -5.93  PG Loss: 2.0348

#Games: 8184 #Frames: 409200  Train_Max: -5.44  Test_Score: -7.54  Avg: 0.00  ENV:  Reacher-v2  DDPG Reward: -3.44  PG Loss: 2.0330

#Games: 8215 #Frames: 410750  Train_Max: -4.58  Test_Score: -6.34  Avg: 0.00  ENV:  Reacher-v2  DDPG Reward: -6.32  PG Loss: 2.0236

Progress Saved
#Games: 8246 #Frames: 412300  Train_Max: -4.74  Test_Score: -8.98  Avg: 0.00  ENV:  Reacher-v2  DDPG Reward: -5.29  PG Loss: 2.0238

#Games: 8277 #Frames: 413850  Train_Max: -7.12  Test_Score: -8.63  Avg: 0.00  ENV:  Reacher-v2  DDPG Reward: -4.97  PG Loss: 2.0248

#Games: 8308 #Frames: 415400  Train_Max: -5.65  Test_Score: -6.48  Avg: 0.00  ENV:  Reacher-v2  DDPG Reward: -4.59  PG Loss: 2.0264

#Games: 8339 #Frames: 416950  Train_Max: -6.73  Test_Score: -7.34  Avg: 0.00  ENV:  Reacher-v2  DDPG Reward: -4.66  PG Loss: 2.0304

Sync from RL --> Nevo
#Games: 8370 #Frames: 418500  Train_Max: -6.69  Test_Score: -8.31  Avg: 0.00  ENV:  Reacher-v2  DDPG Reward: -6.18  PG Loss: 2.0249

#Games: 8401 #Frames: 420050  Train_Max: -5.64  Test_Score: -11.08  Avg: 0.00  ENV:  Reacher-v2  DDPG Reward: -5.00  PG Loss: 2.0256

Progress Saved
#Games: 8432 #Frames: 421600  Train_Max: -7.53  Test_Score: -7.17  Avg: 0.00  ENV:  Reacher-v2  DDPG Reward: -6.26  PG Loss: 2.0262

#Games: 8463 #Frames: 423150  Train_Max: -9.38  Test_Score: -9.45  Avg: 0.00  ENV:  Reacher-v2  DDPG Reward: -7.24  PG Loss: 2.0339

#Games: 8494 #Frames: 424700  Train_Max: -7.78  Test_Score: -12.61  Avg: 0.00  ENV:  Reacher-v2  DDPG Reward: -5.16  PG Loss: 2.0334

#Games: 8525 #Frames: 426250  Train_Max: -6.12  Test_Score: -11.36  Avg: 0.00  ENV:  Reacher-v2  DDPG Reward: -6.18  PG Loss: 2.0312

#Games: 8556 #Frames: 427800  Train_Max: -9.76  Test_Score: -9.46  Avg: 0.00  ENV:  Reacher-v2  DDPG Reward: -5.45  PG Loss: 2.0350

#Games: 8587 #Frames: 429350  Train_Max: -6.24  Test_Score: -11.06  Avg: 0.00  ENV:  Reacher-v2  DDPG Reward: -6.65  PG Loss: 2.0344

#Games: 8618 #Frames: 430900  Train_Max: -8.26  Test_Score: -7.75  Avg: 0.00  ENV:  Reacher-v2  DDPG Reward: -6.34  PG Loss: 2.0388

Progress Saved
#Games: 8649 #Frames: 432450  Train_Max: -7.84  Test_Score: -10.25  Avg: 0.00  ENV:  Reacher-v2  DDPG Reward: -5.26  PG Loss: 2.0436

Sync from RL --> Nevo
#Games: 8680 #Frames: 434000  Train_Max: -8.17  Test_Score: -10.19  Avg: 0.00  ENV:  Reacher-v2  DDPG Reward: -6.31  PG Loss: 2.0418

#Games: 8711 #Frames: 435550  Train_Max: -5.48  Test_Score: -5.31  Avg: 0.00  ENV:  Reacher-v2  DDPG Reward: -6.39  PG Loss: 2.0328

#Games: 8742 #Frames: 437100  Train_Max: -6.06  Test_Score: -3.13  Avg: 0.00  ENV:  Reacher-v2  DDPG Reward: -4.23  PG Loss: 2.0402

#Games: 8773 #Frames: 438650  Train_Max: -6.48  Test_Score: -8.24  Avg: 0.00  ENV:  Reacher-v2  DDPG Reward: -4.16  PG Loss: 2.0375

#Games: 8804 #Frames: 440200  Train_Max: -4.19  Test_Score: -5.95  Avg: 0.00  ENV:  Reacher-v2  DDPG Reward: -5.66  PG Loss: 2.0379

Progress Saved
#Games: 8835 #Frames: 441750  Train_Max: -4.04  Test_Score: -5.68  Avg: 0.00  ENV:  Reacher-v2  DDPG Reward: -4.64  PG Loss: 2.0342

#Games: 8866 #Frames: 443300  Train_Max: -5.60  Test_Score: -3.58  Avg: 0.00  ENV:  Reacher-v2  DDPG Reward: -6.12  PG Loss: 2.0352

#Games: 8897 #Frames: 444850  Train_Max: -4.25  Test_Score: -4.86  Avg: 0.00  ENV:  Reacher-v2  DDPG Reward: -4.56  PG Loss: 2.0376

#Games: 8928 #Frames: 446400  Train_Max: -4.65  Test_Score: -5.64  Avg: 0.00  ENV:  Reacher-v2  DDPG Reward: -5.06  PG Loss: 2.0409

#Games: 8959 #Frames: 447950  Train_Max: -3.60  Test_Score: -3.48  Avg: 0.00  ENV:  Reacher-v2  DDPG Reward: -5.73  PG Loss: 2.0375

Sync from RL --> Nevo
#Games: 8990 #Frames: 449500  Train_Max: -3.55  Test_Score: -5.83  Avg: 0.00  ENV:  Reacher-v2  DDPG Reward: -6.07  PG Loss: 2.0470

#Games: 9021 #Frames: 451050  Train_Max: -3.80  Test_Score: -5.11  Avg: 0.00  ENV:  Reacher-v2  DDPG Reward: -3.83  PG Loss: 2.0441

Progress Saved
#Games: 9052 #Frames: 452600  Train_Max: -4.13  Test_Score: -5.79  Avg: 0.00  ENV:  Reacher-v2  DDPG Reward: -5.87  PG Loss: 2.0493

#Games: 9083 #Frames: 454150  Train_Max: -4.49  Test_Score: -4.39  Avg: 0.00  ENV:  Reacher-v2  DDPG Reward: -5.11  PG Loss: 2.0439

#Games: 9114 #Frames: 455700  Train_Max: -5.62  Test_Score: -5.08  Avg: 0.00  ENV:  Reacher-v2  DDPG Reward: -3.92  PG Loss: 2.0512

#Games: 9145 #Frames: 457250  Train_Max: -3.21  Test_Score: -5.56  Avg: 0.00  ENV:  Reacher-v2  DDPG Reward: -4.48  PG Loss: 2.0528

#Games: 9176 #Frames: 458800  Train_Max: -6.41  Test_Score: -6.70  Avg: 0.00  ENV:  Reacher-v2  DDPG Reward: -6.32  PG Loss: 2.0599

#Games: 9207 #Frames: 460350  Train_Max: -7.23  Test_Score: -5.85  Avg: 0.00  ENV:  Reacher-v2  DDPG Reward: -5.08  PG Loss: 2.0602

Progress Saved
#Games: 9238 #Frames: 461900  Train_Max: -2.81  Test_Score: -5.65  Avg: 0.00  ENV:  Reacher-v2  DDPG Reward: -5.39  PG Loss: 2.0623

#Games: 9269 #Frames: 463450  Train_Max: -6.48  Test_Score: -9.14  Avg: 0.00  ENV:  Reacher-v2  DDPG Reward: -7.20  PG Loss: 2.0612

Sync from RL --> Nevo
#Games: 9300 #Frames: 465000  Train_Max: -4.81  Test_Score: -7.40  Avg: 0.00  ENV:  Reacher-v2  DDPG Reward: -4.68  PG Loss: 2.0620

#Games: 9331 #Frames: 466550  Train_Max: -5.78  Test_Score: -5.63  Avg: 0.00  ENV:  Reacher-v2  DDPG Reward: -3.56  PG Loss: 2.0702

#Games: 9362 #Frames: 468100  Train_Max: -4.36  Test_Score: -6.39  Avg: 0.00  ENV:  Reacher-v2  DDPG Reward: -4.37  PG Loss: 2.0703

#Games: 9393 #Frames: 469650  Train_Max: -4.80  Test_Score: -5.06  Avg: 0.00  ENV:  Reacher-v2  DDPG Reward: -3.60  PG Loss: 2.0735

#Games: 9424 #Frames: 471200  Train_Max: -4.63  Test_Score: -6.90  Avg: 0.00  ENV:  Reacher-v2  DDPG Reward: -6.04  PG Loss: 2.0718

Progress Saved
#Games: 9455 #Frames: 472750  Train_Max: -3.86  Test_Score: -6.43  Avg: 0.00  ENV:  Reacher-v2  DDPG Reward: -6.41  PG Loss: 2.0805

#Games: 9486 #Frames: 474300  Train_Max: -3.81  Test_Score: -6.08  Avg: 0.00  ENV:  Reacher-v2  DDPG Reward: -5.52  PG Loss: 2.0757

#Games: 9517 #Frames: 475850  Train_Max: -3.86  Test_Score: -6.36  Avg: 0.00  ENV:  Reacher-v2  DDPG Reward: -5.69  PG Loss: 2.0838

#Games: 9548 #Frames: 477400  Train_Max: -5.11  Test_Score: -5.17  Avg: 0.00  ENV:  Reacher-v2  DDPG Reward: -5.37  PG Loss: 2.0813

#Games: 9579 #Frames: 478950  Train_Max: -4.29  Test_Score: -4.41  Avg: 0.00  ENV:  Reacher-v2  DDPG Reward: -5.62  PG Loss: 2.0836

Sync from RL --> Nevo
#Games: 9610 #Frames: 480500  Train_Max: -5.88  Test_Score: -4.96  Avg: 0.00  ENV:  Reacher-v2  DDPG Reward: -5.36  PG Loss: 2.0761

Progress Saved
#Games: 9641 #Frames: 482050  Train_Max: -5.33  Test_Score: -5.47  Avg: 0.00  ENV:  Reacher-v2  DDPG Reward: -5.11  PG Loss: 2.0830

#Games: 9672 #Frames: 483600  Train_Max: -6.14  Test_Score: -9.56  Avg: 0.00  ENV:  Reacher-v2  DDPG Reward: -4.38  PG Loss: 2.0874

#Games: 9703 #Frames: 485150  Train_Max: -3.44  Test_Score: -5.18  Avg: 0.00  ENV:  Reacher-v2  DDPG Reward: -6.18  PG Loss: 2.0880

#Games: 9734 #Frames: 486700  Train_Max: -4.11  Test_Score: -5.50  Avg: 0.00  ENV:  Reacher-v2  DDPG Reward: -3.91  PG Loss: 2.0907

#Games: 9765 #Frames: 488250  Train_Max: -6.48  Test_Score: -5.20  Avg: 0.00  ENV:  Reacher-v2  DDPG Reward: -5.00  PG Loss: 2.0801

#Games: 9796 #Frames: 489800  Train_Max: -4.73  Test_Score: -5.22  Avg: 0.00  ENV:  Reacher-v2  DDPG Reward: -5.00  PG Loss: 2.0895

#Games: 9827 #Frames: 491350  Train_Max: -5.96  Test_Score: -5.28  Avg: 0.00  ENV:  Reacher-v2  DDPG Reward: -5.38  PG Loss: 2.0885

Progress Saved
#Games: 9858 #Frames: 492900  Train_Max: -3.96  Test_Score: -5.54  Avg: 0.00  ENV:  Reacher-v2  DDPG Reward: -7.34  PG Loss: 2.0950

#Games: 9889 #Frames: 494450  Train_Max: -3.15  Test_Score: -5.73  Avg: 0.00  ENV:  Reacher-v2  DDPG Reward: -4.94  PG Loss: 2.0910

Sync from RL --> Nevo
#Games: 9920 #Frames: 496000  Train_Max: -3.26  Test_Score: -6.88  Avg: 0.00  ENV:  Reacher-v2  DDPG Reward: -4.67  PG Loss: 2.0900

#Games: 9951 #Frames: 497550  Train_Max: -3.32  Test_Score: -5.38  Avg: 0.00  ENV:  Reacher-v2  DDPG Reward: -4.61  PG Loss: 2.0880

#Games: 9982 #Frames: 499100  Train_Max: -5.71  Test_Score: -4.94  Avg: 0.00  ENV:  Reacher-v2  DDPG Reward: -6.99  PG Loss: 2.0884

#Games: 10013 #Frames: 500650  Train_Max: -4.32  Test_Score: -5.72  Avg: 0.00  ENV:  Reacher-v2  DDPG Reward: -6.12  PG Loss: 2.0875

Progress Saved
#Games: 10044 #Frames: 502200  Train_Max: -4.97  Test_Score: -4.61  Avg: 0.00  ENV:  Reacher-v2  DDPG Reward: -7.47  PG Loss: 2.0948

#Games: 10075 #Frames: 503750  Train_Max: -4.41  Test_Score: -5.37  Avg: 0.00  ENV:  Reacher-v2  DDPG Reward: -4.92  PG Loss: 2.0862

#Games: 10106 #Frames: 505300  Train_Max: -5.35  Test_Score: -5.22  Avg: 0.00  ENV:  Reacher-v2  DDPG Reward: -4.25  PG Loss: 2.0841

#Games: 10137 #Frames: 506850  Train_Max: -4.40  Test_Score: -6.07  Avg: 0.00  ENV:  Reacher-v2  DDPG Reward: -5.40  PG Loss: 2.0841

#Games: 10168 #Frames: 508400  Train_Max: -6.45  Test_Score: -6.83  Avg: 0.00  ENV:  Reacher-v2  DDPG Reward: -4.49  PG Loss: 2.0763

#Games: 10199 #Frames: 509950  Train_Max: -7.16  Test_Score: -5.26  Avg: 0.00  ENV:  Reacher-v2  DDPG Reward: -4.78  PG Loss: 2.0790

Sync from RL --> Nevo
#Games: 10230 #Frames: 511500  Train_Max: -6.88  Test_Score: -5.66  Avg: 0.00  ENV:  Reacher-v2  DDPG Reward: -3.93  PG Loss: 2.0728

Progress Saved
#Games: 10261 #Frames: 513050  Train_Max: -5.69  Test_Score: -7.37  Avg: 0.00  ENV:  Reacher-v2  DDPG Reward: -5.17  PG Loss: 2.0718

#Games: 10292 #Frames: 514600  Train_Max: -4.11  Test_Score: -6.72  Avg: 0.00  ENV:  Reacher-v2  DDPG Reward: -5.76  PG Loss: 2.0740

#Games: 10323 #Frames: 516150  Train_Max: -6.01  Test_Score: -5.00  Avg: 0.00  ENV:  Reacher-v2  DDPG Reward: -4.87  PG Loss: 2.0683

#Games: 10354 #Frames: 517700  Train_Max: -4.63  Test_Score: -5.88  Avg: 0.00  ENV:  Reacher-v2  DDPG Reward: -4.71  PG Loss: 2.0705

#Games: 10385 #Frames: 519250  Train_Max: -6.56  Test_Score: -4.42  Avg: 0.00  ENV:  Reacher-v2  DDPG Reward: -5.39  PG Loss: 2.0847

#Games: 10416 #Frames: 520800  Train_Max: -3.65  Test_Score: -4.11  Avg: 0.00  ENV:  Reacher-v2  DDPG Reward: -5.13  PG Loss: 2.0800

Progress Saved
#Games: 10447 #Frames: 522350  Train_Max: -4.79  Test_Score: -4.93  Avg: 0.00  ENV:  Reacher-v2  DDPG Reward: -5.75  PG Loss: 2.0808

#Games: 10478 #Frames: 523900  Train_Max: -4.25  Test_Score: -7.03  Avg: 0.00  ENV:  Reacher-v2  DDPG Reward: -5.21  PG Loss: 2.0851

#Games: 10509 #Frames: 525450  Train_Max: -4.92  Test_Score: -5.03  Avg: 0.00  ENV:  Reacher-v2  DDPG Reward: -5.04  PG Loss: 2.0738

Sync from RL --> Nevo
#Games: 10540 #Frames: 527000  Train_Max: -3.45  Test_Score: -4.85  Avg: 0.00  ENV:  Reacher-v2  DDPG Reward: -4.16  PG Loss: 2.0747

#Games: 10571 #Frames: 528550  Train_Max: -4.72  Test_Score: -4.84  Avg: 0.00  ENV:  Reacher-v2  DDPG Reward: -4.98  PG Loss: 2.0729

#Games: 10602 #Frames: 530100  Train_Max: -3.39  Test_Score: -4.48  Avg: 0.00  ENV:  Reacher-v2  DDPG Reward: -3.66  PG Loss: 2.0752

Progress Saved
#Games: 10633 #Frames: 531650  Train_Max: -3.51  Test_Score: -4.68  Avg: 0.00  ENV:  Reacher-v2  DDPG Reward: -4.68  PG Loss: 2.0709

#Games: 10664 #Frames: 533200  Train_Max: -3.64  Test_Score: -5.31  Avg: 0.00  ENV:  Reacher-v2  DDPG Reward: -3.66  PG Loss: 2.0759

#Games: 10695 #Frames: 534750  Train_Max: -4.14  Test_Score: -5.23  Avg: 0.00  ENV:  Reacher-v2  DDPG Reward: -5.92  PG Loss: 2.0739

#Games: 10726 #Frames: 536300  Train_Max: -4.52  Test_Score: -5.56  Avg: 0.00  ENV:  Reacher-v2  DDPG Reward: -4.16  PG Loss: 2.0747

#Games: 10757 #Frames: 537850  Train_Max: -5.63  Test_Score: -5.39  Avg: 0.00  ENV:  Reacher-v2